Using pre-set license
Built from '2020.3/release' branch; Version is '2020.3.15f2 (6cf78cb77498) revision 7141260'; Using compiler version '192528614'; Build Type 'Release'
OS: 'Windows 10 Enterprise; OS build 19042.985; Version 2009; 64bit' Language: 'en' Physical Memory: 16314 MB
BatchMode: 1, IsHumanControllingUs: 0, StartBugReporterOnCrash: 0, Is64bit: 1, IsPro: 0

 COMMAND LINE ARGUMENTS:
C:\Program Files\Unity\Hub\Editor\2020.3.15f2\Editor\Unity.exe
-adb2
-batchMode
-noUpm
-name
AssetImportWorker0
-projectPath
D:/a1801268/VRDD-Escape-Room
-logFile
Logs/AssetImportWorker0.log
-srvPort
50612
Successfully changed project path to: D:/a1801268/VRDD-Escape-Room
D:/a1801268/VRDD-Escape-Room
Using Asset Import Pipeline V2.
Refreshing native plugins compatible for Editor in 69.11 ms, found 11 plugins.
Preloading 1 native plugins for Editor in 0.93 ms.
Initialize engine version: 2020.3.15f2 (6cf78cb77498)
[Subsystems] Discovering subsystems at path C:/Program Files/Unity/Hub/Editor/2020.3.15f2/Editor/Data/Resources/UnitySubsystems
[Subsystems] Discovering subsystems at path D:/a1801268/VRDD-Escape-Room/Assets
GfxDevice: creating device client; threaded=0
Direct3D:
    Version:  Direct3D 11.0 [level 11.1]
    Renderer: NVIDIA GeForce RTX 2080 (ID=0x1e82)
    Vendor:   
    VRAM:     8010 MB
    Driver:   27.21.14.5730
Shader 'Universal Render Pipeline/Particles/Lit': fallback shader 'Universal Render Pipeline/Particles/SimpleLit' not found
Initialize mono
Mono path[0] = 'C:/Program Files/Unity/Hub/Editor/2020.3.15f2/Editor/Data/Managed'
Mono path[1] = 'C:/Program Files/Unity/Hub/Editor/2020.3.15f2/Editor/Data/MonoBleedingEdge/lib/mono/unityjit'
Mono config path = 'C:/Program Files/Unity/Hub/Editor/2020.3.15f2/Editor/Data/MonoBleedingEdge/etc'
Using monoOptions --debugger-agent=transport=dt_socket,embedding=1,server=y,suspend=n,address=127.0.0.1:56124
Begin MonoManager ReloadAssembly
Registering precompiled unity dll's ...
Register platform support module: C:/Program Files/Unity/Hub/Editor/2020.3.15f2/Editor/Data/PlaybackEngines/WebGLSupport/UnityEditor.WebGL.Extensions.dll
Register platform support module: C:/Program Files/Unity/Hub/Editor/2020.3.15f2/Editor/Data/PlaybackEngines/WindowsStandaloneSupport/UnityEditor.WindowsStandalone.Extensions.dll
Registered in 0.003293 seconds.
Native extension for WindowsStandalone target not found
Native extension for WebGL target not found
Refreshing native plugins compatible for Editor in 54.90 ms, found 11 plugins.
Preloading 1 native plugins for Editor in 0.06 ms.
Mono: successfully reloaded assembly
- Completed reload, in  2.349 seconds
Domain Reload Profiling:
	ReloadAssembly (2349ms)
		BeginReloadAssembly (54ms)
			ExecutionOrderSort (0ms)
			DisableScriptedObjects (0ms)
			BackupInstance (0ms)
			ReleaseScriptingObjects (0ms)
			CreateAndSetChildDomain (1ms)
		EndReloadAssembly (465ms)
			LoadAssemblies (51ms)
			RebuildTransferFunctionScriptingTraits (0ms)
			SetupTypeCache (150ms)
			ReleaseScriptCaches (0ms)
			RebuildScriptCaches (32ms)
			SetupLoadedEditorAssemblies (166ms)
				LogAssemblyErrors (0ms)
				InitializePlatformSupportModulesInManaged (5ms)
				SetLoadedEditorAssemblies (0ms)
				RefreshPlugins (55ms)
				BeforeProcessingInitializeOnLoad (12ms)
				ProcessInitializeOnLoadAttributes (69ms)
				ProcessInitializeOnLoadMethodAttributes (24ms)
				AfterProcessingInitializeOnLoad (0ms)
				EditorAssembliesLoaded (0ms)
			ExecutionOrderSort2 (0ms)
			AwakeInstancesAfterBackupRestoration (0ms)
Platform modules already initialized, skipping
Registering precompiled user dll's ...
Registered in 0.008378 seconds.
Begin MonoManager ReloadAssembly
Native extension for WindowsStandalone target not found
Native extension for WebGL target not found
Refreshing native plugins compatible for Editor in 64.73 ms, found 11 plugins.
Preloading 1 native plugins for Editor in 0.06 ms.
[XR] OculusXRPlugin: registering subsystems
[XR] Unable to register display lifecyle provider: [1]
[XR] Oculus Input lifecycle provider registered.
[XR] Unable to register input lifecyle provider: [1]
System.Reflection.TargetInvocationException: Exception has been thrown by the target of an invocation. ---> System.NullReferenceException: Object reference not set to an instance of an object
  at Unity.XR.Oculus.OculusLoader.AssetPathToAbsolutePath (System.String assetPath) [0x00048] in D:\a1801268\VRDD-Escape-Room\Library\PackageCache\com.unity.xr.oculus@1.9.1\Runtime\OculusLoader.cs:249 
  at Unity.XR.Oculus.OculusLoader.EditorLoadOVRPlugin () [0x0007b] in D:\a1801268\VRDD-Escape-Room\Library\PackageCache\com.unity.xr.oculus@1.9.1\Runtime\OculusLoader.cs:234 
  at (wrapper managed-to-native) System.Reflection.MonoMethod.InternalInvoke(System.Reflection.MonoMethod,object,object[],System.Exception&)
  at System.Reflection.MonoMethod.Invoke (System.Object obj, System.Reflection.BindingFlags invokeAttr, System.Reflection.Binder binder, System.Object[] parameters, System.Globalization.CultureInfo culture) [0x00032] in <695d1cc93cca45069c528c15c9fdd749>:0 
   --- End of inner exception stack trace ---
  at System.Reflection.MonoMethod.Invoke (System.Object obj, System.Reflection.BindingFlags invokeAttr, System.Reflection.Binder binder, System.Object[] parameters, System.Globalization.CultureInfo culture) [0x00048] in <695d1cc93cca45069c528c15c9fdd749>:0 
  at System.Reflection.MethodBase.Invoke (System.Object obj, System.Object[] parameters) [0x00000] in <695d1cc93cca45069c528c15c9fdd749>:0 
  at UnityEditor.EditorAssemblies.ProcessInitializeOnLoadMethodAttributes () [0x00047] in <44c3723143904fb88deebc993c7bb491>:0 
UnityEngine.StackTraceUtility:ExtractStackTrace ()
UnityEngine.DebugLogHandler:LogFormat (UnityEngine.LogType,UnityEngine.Object,string,object[])
UnityEngine.Logger:Log (UnityEngine.LogType,object)
UnityEngine.Debug:LogError (object)
UnityEditor.EditorAssemblies:ProcessInitializeOnLoadMethodAttributes ()

Mono: successfully reloaded assembly
- Completed reload, in  1.610 seconds
Domain Reload Profiling:
	ReloadAssembly (1611ms)
		BeginReloadAssembly (163ms)
			ExecutionOrderSort (0ms)
			DisableScriptedObjects (4ms)
			BackupInstance (0ms)
			ReleaseScriptingObjects (0ms)
			CreateAndSetChildDomain (21ms)
		EndReloadAssembly (1379ms)
			LoadAssemblies (112ms)
			RebuildTransferFunctionScriptingTraits (0ms)
			SetupTypeCache (351ms)
			ReleaseScriptCaches (1ms)
			RebuildScriptCaches (61ms)
			SetupLoadedEditorAssemblies (723ms)
				LogAssemblyErrors (0ms)
				InitializePlatformSupportModulesInManaged (5ms)
				SetLoadedEditorAssemblies (0ms)
				RefreshPlugins (65ms)
				BeforeProcessingInitializeOnLoad (103ms)
				ProcessInitializeOnLoadAttributes (527ms)
				ProcessInitializeOnLoadMethodAttributes (14ms)
				AfterProcessingInitializeOnLoad (8ms)
				EditorAssembliesLoaded (0ms)
			ExecutionOrderSort2 (0ms)
			AwakeInstancesAfterBackupRestoration (5ms)
Platform modules already initialized, skipping
========================================================================
Worker process is ready to serve import requests
Shader 'Universal Render Pipeline/Particles/Lit': fallback shader 'Universal Render Pipeline/Particles/SimpleLit' not found
Launched and connected shader compiler UnityShaderCompiler.exe after 0.08 seconds
Refreshing native plugins compatible for Editor in 0.73 ms, found 11 plugins.
Preloading 1 native plugins for Editor in 0.05 ms.
Unloading 3377 Unused Serialized files (Serialized files now loaded: 0)
System memory in use before: 151.8 MB.
System memory in use after: 152.0 MB.

Unloading 39 unused Assets to reduce memory usage. Loaded Objects now: 3821.
Total: 2.688600 ms (FindLiveObjects: 0.296700 ms CreateObjectMapping: 0.167400 ms MarkObjects: 2.161700 ms  DeleteObjects: 0.062100 ms)

AssetImportParameters requested are different than current active one (requested -> active):
  custom:framework-win-MediaFoundation: 216162199b28c13a410421893ffa2e32 -> 
  custom:video-decoder-ogg-theora: a1e56fd34408186e4bbccfd4996cb3dc -> 
  custom:container-muxer-webm: aa71ff27fc2769a1b78a27578f13a17b -> 
  custom:container-demuxer-webm: 4f35f7cbe854078d1ac9338744f61a02 -> 
  custom:container-demuxer-ogg: 62fdf1f143b41e24485cea50d1cbac27 -> 
  custom:video-encoder-webm-vp8: eb34c28f22e8b96e1ab97ce403110664 -> 
  custom:video-decoder-webm-vp8: 9c59270c3fd7afecdb556c50c9e8de78 -> 
  custom:audio-decoder-ogg-vorbis: bf7c407c2cedff20999df2af8eb42d56 -> 
  custom:audio-encoder-webm-vorbis: bf7c407c2cedff20999df2af8eb42d56 -> 
========================================================================
Received Import Request.
  path: Assets/Examples/Interactables/Keypad.prefab
  artifactKey: Guid(a854a508d1ccf9946b914dded81110ce) Importer(815301076,1909f56bfc062723c751e8b465ee728b)
Start importing Assets/Examples/Interactables/Keypad.prefab using Guid(a854a508d1ccf9946b914dded81110ce) Importer(815301076,1909f56bfc062723c751e8b465ee728b)  -> (artifact id: '5849e83ea15029315034aa41b03d35e0') in 0.118470 seconds 
  Import took 0.153108 seconds .

========================================================================
Received Import Request.
  Time since last request: 0.000340 seconds.
  path: Assets/Examples/Interactables/Keypad Physical.prefab
  artifactKey: Guid(dba79924b1e64334fb5c3f8343ca1a36) Importer(815301076,1909f56bfc062723c751e8b465ee728b)
Start importing Assets/Examples/Interactables/Keypad Physical.prefab using Guid(dba79924b1e64334fb5c3f8343ca1a36) Importer(815301076,1909f56bfc062723c751e8b465ee728b)  -> (artifact id: '5951b470a583c9fcff4895ce7551eed0') in 0.194789 seconds 
  Import took 0.220242 seconds .

========================================================================
Received Prepare
Registering precompiled user dll's ...
Registered in 0.010971 seconds.
Begin MonoManager ReloadAssembly
Native extension for WindowsStandalone target not found
Native extension for WebGL target not found
Refreshing native plugins compatible for Editor in 1.26 ms, found 11 plugins.
Preloading 1 native plugins for Editor in 0.07 ms.
System.Reflection.TargetInvocationException: Exception has been thrown by the target of an invocation. ---> System.NullReferenceException: Object reference not set to an instance of an object
  at Unity.XR.Oculus.OculusLoader.AssetPathToAbsolutePath (System.String assetPath) [0x00048] in D:\a1801268\VRDD-Escape-Room\Library\PackageCache\com.unity.xr.oculus@1.9.1\Runtime\OculusLoader.cs:249 
  at Unity.XR.Oculus.OculusLoader.EditorLoadOVRPlugin () [0x0007b] in D:\a1801268\VRDD-Escape-Room\Library\PackageCache\com.unity.xr.oculus@1.9.1\Runtime\OculusLoader.cs:234 
  at (wrapper managed-to-native) System.Reflection.MonoMethod.InternalInvoke(System.Reflection.MonoMethod,object,object[],System.Exception&)
  at System.Reflection.MonoMethod.Invoke (System.Object obj, System.Reflection.BindingFlags invokeAttr, System.Reflection.Binder binder, System.Object[] parameters, System.Globalization.CultureInfo culture) [0x00032] in <695d1cc93cca45069c528c15c9fdd749>:0 
   --- End of inner exception stack trace ---
  at System.Reflection.MonoMethod.Invoke (System.Object obj, System.Reflection.BindingFlags invokeAttr, System.Reflection.Binder binder, System.Object[] parameters, System.Globalization.CultureInfo culture) [0x00048] in <695d1cc93cca45069c528c15c9fdd749>:0 
  at System.Reflection.MethodBase.Invoke (System.Object obj, System.Object[] parameters) [0x00000] in <695d1cc93cca45069c528c15c9fdd749>:0 
  at UnityEditor.EditorAssemblies.ProcessInitializeOnLoadMethodAttributes () [0x00047] in <44c3723143904fb88deebc993c7bb491>:0 
UnityEngine.StackTraceUtility:ExtractStackTrace ()
UnityEngine.DebugLogHandler:LogFormat (UnityEngine.LogType,UnityEngine.Object,string,object[])
UnityEngine.Logger:Log (UnityEngine.LogType,object)
UnityEngine.Debug:LogError (object)
UnityEditor.EditorAssemblies:ProcessInitializeOnLoadMethodAttributes ()

Mono: successfully reloaded assembly
- Completed reload, in  1.422 seconds
Domain Reload Profiling:
	ReloadAssembly (1423ms)
		BeginReloadAssembly (126ms)
			ExecutionOrderSort (0ms)
			DisableScriptedObjects (6ms)
			BackupInstance (0ms)
			ReleaseScriptingObjects (0ms)
			CreateAndSetChildDomain (37ms)
		EndReloadAssembly (1237ms)
			LoadAssemblies (94ms)
			RebuildTransferFunctionScriptingTraits (0ms)
			SetupTypeCache (332ms)
			ReleaseScriptCaches (1ms)
			RebuildScriptCaches (44ms)
			SetupLoadedEditorAssemblies (602ms)
				LogAssemblyErrors (0ms)
				InitializePlatformSupportModulesInManaged (5ms)
				SetLoadedEditorAssemblies (0ms)
				RefreshPlugins (2ms)
				BeforeProcessingInitializeOnLoad (85ms)
				ProcessInitializeOnLoadAttributes (489ms)
				ProcessInitializeOnLoadMethodAttributes (12ms)
				AfterProcessingInitializeOnLoad (8ms)
				EditorAssembliesLoaded (0ms)
			ExecutionOrderSort2 (0ms)
			AwakeInstancesAfterBackupRestoration (15ms)
Platform modules already initialized, skipping
Shader 'Universal Render Pipeline/Particles/Lit': fallback shader 'Universal Render Pipeline/Particles/SimpleLit' not found
Refreshing native plugins compatible for Editor in 1.44 ms, found 11 plugins.
Preloading 1 native plugins for Editor in 0.06 ms.
Unloading 3228 Unused Serialized files (Serialized files now loaded: 0)
System memory in use before: 173.5 MB.
System memory in use after: 173.7 MB.

Unloading 33 unused Assets to reduce memory usage. Loaded Objects now: 3871.
Total: 3.640900 ms (FindLiveObjects: 0.330500 ms CreateObjectMapping: 0.152300 ms MarkObjects: 3.116500 ms  DeleteObjects: 0.040200 ms)

AssetImportParameters requested are different than current active one (requested -> active):
  custom:framework-win-MediaFoundation: 216162199b28c13a410421893ffa2e32 -> 
  custom:video-decoder-ogg-theora: a1e56fd34408186e4bbccfd4996cb3dc -> 
  custom:container-muxer-webm: aa71ff27fc2769a1b78a27578f13a17b -> 
  custom:container-demuxer-webm: 4f35f7cbe854078d1ac9338744f61a02 -> 
  custom:container-demuxer-ogg: 62fdf1f143b41e24485cea50d1cbac27 -> 
  custom:video-encoder-webm-vp8: eb34c28f22e8b96e1ab97ce403110664 -> 
  custom:video-decoder-webm-vp8: 9c59270c3fd7afecdb556c50c9e8de78 -> 
  custom:audio-decoder-ogg-vorbis: bf7c407c2cedff20999df2af8eb42d56 -> 
  custom:audio-encoder-webm-vorbis: bf7c407c2cedff20999df2af8eb42d56 -> 
========================================================================
Received Import Request.
  Time since last request: 354.676727 seconds.
  path: Assets/Samples
  artifactKey: Guid(a3eee8f3f2c09ae4c97f554a3b46eae9) Importer(815301076,1909f56bfc062723c751e8b465ee728b)
Start importing Assets/Samples using Guid(a3eee8f3f2c09ae4c97f554a3b46eae9) Importer(815301076,1909f56bfc062723c751e8b465ee728b)  -> (artifact id: '5c4ee7bf749a8d3cc5b746d816eb31a4') in 0.011006 seconds 
  Import took 0.066496 seconds .

========================================================================
Received Import Request.
  Time since last request: 3.093987 seconds.
  path: Assets/Scenes/SampleScene.unity
  artifactKey: Guid(9fc0d4010bbf28b4594072e72b8655ab) Importer(815301076,1909f56bfc062723c751e8b465ee728b)
Start importing Assets/Scenes/SampleScene.unity using Guid(9fc0d4010bbf28b4594072e72b8655ab) Importer(815301076,1909f56bfc062723c751e8b465ee728b)  -> (artifact id: 'c8835452c2bd2332ffd5c2877344486b') in 0.021436 seconds 
  Import took 0.053405 seconds .

========================================================================
Received Import Request.
  Time since last request: 265.370472 seconds.
  path: Assets/Samples/XR Interaction Toolkit
  artifactKey: Guid(02d06f112196ef546a5d32141598cff4) Importer(815301076,1909f56bfc062723c751e8b465ee728b)
Start importing Assets/Samples/XR Interaction Toolkit using Guid(02d06f112196ef546a5d32141598cff4) Importer(815301076,1909f56bfc062723c751e8b465ee728b)  -> (artifact id: '5e11c6de1aabf36b63504df3872de26f') in 0.006509 seconds 
  Import took 0.028093 seconds .

========================================================================
Received Import Request.
  Time since last request: 4.371858 seconds.
  path: Assets/Scenes/Main.unity
  artifactKey: Guid(b27f52665090289498e62dbc6c10c7cc) Importer(815301076,1909f56bfc062723c751e8b465ee728b)
Start importing Assets/Scenes/Main.unity using Guid(b27f52665090289498e62dbc6c10c7cc) Importer(815301076,1909f56bfc062723c751e8b465ee728b)  -> (artifact id: '2b3fb9c1affb92e0816e52abb7ad0fcd') in 0.007677 seconds 
  Import took 0.040540 seconds .

========================================================================
Received Import Request.
  Time since last request: 61.078494 seconds.
  path: Assets/Imported/Georgia/Decoration/Barrel Label
  artifactKey: Guid(31693a7e41ce13948962933a6770e2a8) Importer(815301076,1909f56bfc062723c751e8b465ee728b)
Start importing Assets/Imported/Georgia/Decoration/Barrel Label using Guid(31693a7e41ce13948962933a6770e2a8) Importer(815301076,1909f56bfc062723c751e8b465ee728b)  -> (artifact id: '3fc0afce524e952b84a6ea2929b6e03a') in 0.006666 seconds 
  Import took 0.032955 seconds .

========================================================================
Received Import Request.
  Time since last request: 0.056427 seconds.
  path: Assets/Imported/Georgia/Decoration/Barrel Label/BArel Labelfbx.fbx
  artifactKey: Guid(85ce778d4aba83844bae0fd6f8caec76) Importer(815301076,1909f56bfc062723c751e8b465ee728b)
Start importing Assets/Imported/Georgia/Decoration/Barrel Label/BArel Labelfbx.fbx using Guid(85ce778d4aba83844bae0fd6f8caec76) Importer(815301076,1909f56bfc062723c751e8b465ee728b)  -> (artifact id: '1a15b27ec14c9099c48b10c8ce7f499f') in 0.848204 seconds 
  Import took 0.858240 seconds .

========================================================================
Received Import Request.
  Time since last request: 0.000329 seconds.
  path: Assets/Imported/Georgia/Decoration/Barrel Label/BArel Labelfbx.prefab
  artifactKey: Guid(b70bf6fbf444beb458fb1c3dca8c0d58) Importer(815301076,1909f56bfc062723c751e8b465ee728b)
Start importing Assets/Imported/Georgia/Decoration/Barrel Label/BArel Labelfbx.prefab using Guid(b70bf6fbf444beb458fb1c3dca8c0d58) Importer(815301076,1909f56bfc062723c751e8b465ee728b)  -> (artifact id: 'e848dae39be67361fe73a1ce28b71254') in 0.053359 seconds 
  Import took 0.058887 seconds .

========================================================================
Received Import Request.
  Time since last request: 10.460401 seconds.
  path: Assets/Imported/Georgia/Decoration/Barrel Label/Label Texture
  artifactKey: Guid(ed7998ececb324a4a8502e533ee97cbe) Importer(815301076,1909f56bfc062723c751e8b465ee728b)
Start importing Assets/Imported/Georgia/Decoration/Barrel Label/Label Texture using Guid(ed7998ececb324a4a8502e533ee97cbe) Importer(815301076,1909f56bfc062723c751e8b465ee728b)  -> (artifact id: 'b13de6772fa7ebb6e9c8c686da645458') in 0.005619 seconds 
  Import took 0.038807 seconds .

========================================================================
Received Import Request.
  Time since last request: 0.033911 seconds.
  path: Assets/Imported/Georgia/Decoration/Barrel Label/Label Texture/BArel Labelfbx_Barrel Label_AlbedoTransparency.jpg
  artifactKey: Guid(3657e38cde9986c4fa9a7d450b942ed9) Importer(815301076,1909f56bfc062723c751e8b465ee728b)
Start importing Assets/Imported/Georgia/Decoration/Barrel Label/Label Texture/BArel Labelfbx_Barrel Label_AlbedoTransparency.jpg using Guid(3657e38cde9986c4fa9a7d450b942ed9) Importer(815301076,1909f56bfc062723c751e8b465ee728b)  -> (artifact id: '71ff7687448f94f63b9b4beb03351f90') in 0.046809 seconds 
  Import took 0.053290 seconds .

========================================================================
Received Import Request.
  Time since last request: 0.000346 seconds.
  path: Assets/Imported/Georgia/Decoration/Barrel Label/Label Texture/BArel Labelfbx_Barrel Label_MetallicSmoothness.jpg
  artifactKey: Guid(a455b2b0ddc2cd048abd3a1d1ff4356e) Importer(815301076,1909f56bfc062723c751e8b465ee728b)
Start importing Assets/Imported/Georgia/Decoration/Barrel Label/Label Texture/BArel Labelfbx_Barrel Label_MetallicSmoothness.jpg using Guid(a455b2b0ddc2cd048abd3a1d1ff4356e) Importer(815301076,1909f56bfc062723c751e8b465ee728b)  -> (artifact id: 'f4dd3f05e8236664f58b2a08def1af56') in 0.011901 seconds 
  Import took 0.049618 seconds .

========================================================================
Received Import Request.
  Time since last request: 0.000356 seconds.
  path: Assets/Imported/Georgia/Decoration/Barrel Label/Label Texture/BArel Labelfbx_Barrel Label_Normal.jpg
  artifactKey: Guid(3925b854c4c4c804eb01687c1a8c74cb) Importer(815301076,1909f56bfc062723c751e8b465ee728b)
Start importing Assets/Imported/Georgia/Decoration/Barrel Label/Label Texture/BArel Labelfbx_Barrel Label_Normal.jpg using Guid(3925b854c4c4c804eb01687c1a8c74cb) Importer(815301076,1909f56bfc062723c751e8b465ee728b)  -> (artifact id: '27df7b9fdd6b19c18786160a272118dc') in 0.015413 seconds 
  Import took 0.078286 seconds .

========================================================================
Received Import Request.
  Time since last request: 48.301214 seconds.
  path: Assets/Imported/Georgia/Decoration/barrel tap
  artifactKey: Guid(073df841af5046649b1f8d446c1b0ca6) Importer(815301076,1909f56bfc062723c751e8b465ee728b)
Start importing Assets/Imported/Georgia/Decoration/barrel tap using Guid(073df841af5046649b1f8d446c1b0ca6) Importer(815301076,1909f56bfc062723c751e8b465ee728b)  -> (artifact id: 'b555e6c5addd91dbd61782c92aa44f68') in 0.006052 seconds 
  Import took 0.054410 seconds .

========================================================================
Received Import Request.
  Time since last request: 0.033426 seconds.
  path: Assets/Imported/Georgia/Decoration/barrel tap/Tap .fbx
  artifactKey: Guid(e61db8ebf43c08141b9d703ddc2b6076) Importer(815301076,1909f56bfc062723c751e8b465ee728b)
Start importing Assets/Imported/Georgia/Decoration/barrel tap/Tap .fbx using Guid(e61db8ebf43c08141b9d703ddc2b6076) Importer(815301076,1909f56bfc062723c751e8b465ee728b)  -> (artifact id: '9c8535d3a8b1618e82d1329608bc29f7') in 0.049095 seconds 
  Import took 0.103045 seconds .

========================================================================
Received Import Request.
  Time since last request: 0.000348 seconds.
  path: Assets/Imported/Georgia/Decoration/barrel tap/Tap .prefab
  artifactKey: Guid(efc5eea028468374dabb5d16423e24a5) Importer(815301076,1909f56bfc062723c751e8b465ee728b)
Start importing Assets/Imported/Georgia/Decoration/barrel tap/Tap .prefab using Guid(efc5eea028468374dabb5d16423e24a5) Importer(815301076,1909f56bfc062723c751e8b465ee728b)  -> (artifact id: '87b9f0fc07583406a511dc327cb06b0a') in 0.026110 seconds 
  Import took 0.031805 seconds .

========================================================================
Received Import Request.
  Time since last request: 131.367567 seconds.
  path: Assets/Imported/Georgia/Decoration/Cardboard box/Cardboard box2.fbx
  artifactKey: Guid(3fbe0a2c9278a1a4f81bf4bc7df2a4c9) Importer(815301076,1909f56bfc062723c751e8b465ee728b)
Start importing Assets/Imported/Georgia/Decoration/Cardboard box/Cardboard box2.fbx using Guid(3fbe0a2c9278a1a4f81bf4bc7df2a4c9) Importer(815301076,1909f56bfc062723c751e8b465ee728b)  -> (artifact id: 'f747d27fe0d52dbf937d978c8ee3f1a6') in 0.031308 seconds 
  Import took 0.065070 seconds .

========================================================================
Received Import Request.
  Time since last request: 0.000362 seconds.
  path: Assets/Imported/Georgia/Decoration/Cardboard box
  artifactKey: Guid(7ffb63fee41aed54b9881b1359e1069b) Importer(815301076,1909f56bfc062723c751e8b465ee728b)
Start importing Assets/Imported/Georgia/Decoration/Cardboard box using Guid(7ffb63fee41aed54b9881b1359e1069b) Importer(815301076,1909f56bfc062723c751e8b465ee728b)  -> (artifact id: 'a2d88a6eb7a2397e042f59edab8fc346') in 0.005214 seconds 
  Import took 0.016466 seconds .

========================================================================
Received Import Request.
  Time since last request: 0.000324 seconds.
  path: Assets/Imported/Georgia/Decoration/Cardboard box/Cardboard box2.prefab
  artifactKey: Guid(2f52ba97103b1eb46a1911de79f2a658) Importer(815301076,1909f56bfc062723c751e8b465ee728b)
Start importing Assets/Imported/Georgia/Decoration/Cardboard box/Cardboard box2.prefab using Guid(2f52ba97103b1eb46a1911de79f2a658) Importer(815301076,1909f56bfc062723c751e8b465ee728b)  -> (artifact id: '2d3cf09494b1cf68414263843251dc7d') in 0.018956 seconds 
  Import took 0.030601 seconds .

AssetImportWorkerClient::OnTransportError - code=2 error=End of file
